# JRE version: OpenJDK Runtime Environment (7.0_55-b14) (build 1.7.0_55-b14)
# Java VM: OpenJDK 64-Bit Server VM (24.51-b03 mixed mode linux-amd64 compressed oops)
Heap
 PSYoungGen      total 35328K, used 28373K [0x00000000ebe00000, 0x00000000f0500000, 0x0000000100000000)
  eden space 30208K, 79% used [0x00000000ebe00000,0x00000000ed58eef8,0x00000000edb80000)
  from space 5120K, 82% used [0x00000000ee100000,0x00000000ee526550,0x00000000ee600000)
  to   space 5632K, 0% used [0x00000000edb80000,0x00000000edb80000,0x00000000ee100000)
 ParOldGen       total 40960K, used 3732K [0x00000000c3a00000, 0x00000000c6200000, 0x00000000ebe00000)
  object space 40960K, 9% used [0x00000000c3a00000,0x00000000c3da53f0,0x00000000c6200000)
 PSPermGen       total 21504K, used 14103K [0x00000000b9400000, 0x00000000ba900000, 0x00000000c3a00000)
  object space 21504K, 65% used [0x00000000b9400000,0x00000000ba1c5de8,0x00000000ba900000)
GC Heap History (10 events):
Event: 2,875 GC heap before
{Heap before GC invocations=2 (full 0):
 PSYoungGen      total 18432K, used 17856K [0x00000000ebe00000, 0x00000000ed280000, 0x0000000100000000)
  eden space 15872K, 100% used [0x00000000ebe00000,0x00000000ecd80000,0x00000000ecd80000)
  from space 2560K, 77% used [0x00000000ecd80000,0x00000000ecf70320,0x00000000ed000000)
  to   space 2560K, 0% used [0x00000000ed000000,0x00000000ed000000,0x00000000ed280000)
 ParOldGen       total 40960K, used 8K [0x00000000c3a00000, 0x00000000c6200000, 0x00000000ebe00000)
  object space 40960K, 0% used [0x00000000c3a00000,0x00000000c3a02000,0x00000000c6200000)
 PSPermGen       total 21504K, used 7482K [0x00000000b9400000, 0x00000000ba900000, 0x00000000c3a00000)
  object space 21504K, 34% used [0x00000000b9400000,0x00000000b9b4e910,0x00000000ba900000)
Event: 2,890 GC heap after
Heap after GC invocations=2 (full 0):
 PSYoungGen      total 18432K, used 2208K [0x00000000ebe00000, 0x00000000ed280000, 0x0000000100000000)
  eden space 15872K, 0% used [0x00000000ebe00000,0x00000000ebe00000,0x00000000ecd80000)
  from space 2560K, 86% used [0x00000000ed000000,0x00000000ed228030,0x00000000ed280000)
  to   space 2560K, 0% used [0x00000000ecd80000,0x00000000ecd80000,0x00000000ed000000)
 ParOldGen       total 40960K, used 8K [0x00000000c3a00000, 0x00000000c6200000, 0x00000000ebe00000)
  object space 40960K, 0% used [0x00000000c3a00000,0x00000000c3a02000,0x00000000c6200000)
 PSPermGen       total 21504K, used 7482K [0x00000000b9400000, 0x00000000ba900000, 0x00000000c3a00000)
  object space 21504K, 34% used [0x00000000b9400000,0x00000000b9b4e910,0x00000000ba900000)
}
Event: 3,697 GC heap before
{Heap before GC invocations=3 (full 0):
 PSYoungGen      total 18432K, used 18080K [0x00000000ebe00000, 0x00000000ed280000, 0x0000000100000000)
  eden space 15872K, 100% used [0x00000000ebe00000,0x00000000ecd80000,0x00000000ecd80000)
  from space 2560K, 86% used [0x00000000ed000000,0x00000000ed228030,0x00000000ed280000)
  to   space 2560K, 0% used [0x00000000ecd80000,0x00000000ecd80000,0x00000000ed000000)
 ParOldGen       total 40960K, used 8K [0x00000000c3a00000, 0x00000000c6200000, 0x00000000ebe00000)
  object space 40960K, 0% used [0x00000000c3a00000,0x00000000c3a02000,0x00000000c6200000)
 PSPermGen       total 21504K, used 8929K [0x00000000b9400000, 0x00000000ba900000, 0x00000000c3a00000)
  object space 21504K, 41% used [0x00000000b9400000,0x00000000b9cb8610,0x00000000ba900000)
Event: 3,711 GC heap after
Heap after GC invocations=3 (full 0):
 PSYoungGen      total 18432K, used 2539K [0x00000000ebe00000, 0x00000000ee200000, 0x0000000100000000)
  eden space 15872K, 0% used [0x00000000ebe00000,0x00000000ebe00000,0x00000000ecd80000)
  from space 2560K, 99% used [0x00000000ecd80000,0x00000000ecffafa8,0x00000000ed000000)
  to   space 2560K, 0% used [0x00000000edf80000,0x00000000edf80000,0x00000000ee200000)
 ParOldGen       total 40960K, used 328K [0x00000000c3a00000, 0x00000000c6200000, 0x00000000ebe00000)
  object space 40960K, 0% used [0x00000000c3a00000,0x00000000c3a52250,0x00000000c6200000)
 PSPermGen       total 21504K, used 8929K [0x00000000b9400000, 0x00000000ba900000, 0x00000000c3a00000)
  object space 21504K, 41% used [0x00000000b9400000,0x00000000b9cb8610,0x00000000ba900000)
}
Event: 5,201 GC heap before
{Heap before GC invocations=4 (full 0):
 PSYoungGen      total 18432K, used 18411K [0x00000000ebe00000, 0x00000000ee200000, 0x0000000100000000)
  eden space 15872K, 100% used [0x00000000ebe00000,0x00000000ecd80000,0x00000000ecd80000)
  from space 2560K, 99% used [0x00000000ecd80000,0x00000000ecffafa8,0x00000000ed000000)
  to   space 2560K, 0% used [0x00000000edf80000,0x00000000edf80000,0x00000000ee200000)
 ParOldGen       total 40960K, used 328K [0x00000000c3a00000, 0x00000000c6200000, 0x00000000ebe00000)
  object space 40960K, 0% used [0x00000000c3a00000,0x00000000c3a52250,0x00000000c6200000)
 PSPermGen       total 21504K, used 12185K [0x00000000b9400000, 0x00000000ba900000, 0x00000000c3a00000)
  object space 21504K, 56% used [0x00000000b9400000,0x00000000b9fe6400,0x00000000ba900000)
Event: 5,217 GC heap after
Heap after GC invocations=4 (full 0):
 PSYoungGen      total 34304K, used 2535K [0x00000000ebe00000, 0x00000000ee200000, 0x0000000100000000)
  eden space 31744K, 0% used [0x00000000ebe00000,0x00000000ebe00000,0x00000000edd00000)
  from space 2560K, 99% used [0x00000000edf80000,0x00000000ee1f9ef0,0x00000000ee200000)
  to   space 2560K, 0% used [0x00000000edd00000,0x00000000edd00000,0x00000000edf80000)
 ParOldGen       total 40960K, used 1568K [0x00000000c3a00000, 0x00000000c6200000, 0x00000000ebe00000)
  object space 40960K, 3% used [0x00000000c3a00000,0x00000000c3b88208,0x00000000c6200000)
 PSPermGen       total 21504K, used 12185K [0x00000000b9400000, 0x00000000ba900000, 0x00000000c3a00000)
  object space 21504K, 56% used [0x00000000b9400000,0x00000000b9fe6400,0x00000000ba900000)
}
Event: 9,129 GC heap before
{Heap before GC invocations=5 (full 0):
 PSYoungGen      total 34304K, used 34279K [0x00000000ebe00000, 0x00000000ee200000, 0x0000000100000000)
  eden space 31744K, 100% used [0x00000000ebe00000,0x00000000edd00000,0x00000000edd00000)
  from space 2560K, 99% used [0x00000000edf80000,0x00000000ee1f9ef0,0x00000000ee200000)
  to   space 2560K, 0% used [0x00000000edd00000,0x00000000edd00000,0x00000000edf80000)
 ParOldGen       total 40960K, used 1568K [0x00000000c3a00000, 0x00000000c6200000, 0x00000000ebe00000)
  object space 40960K, 3% used [0x00000000c3a00000,0x00000000c3b88208,0x00000000c6200000)
 PSPermGen       total 21504K, used 13435K [0x00000000b9400000, 0x00000000ba900000, 0x00000000c3a00000)
  object space 21504K, 62% used [0x00000000b9400000,0x00000000ba11ed20,0x00000000ba900000)
Event: 9,151 GC heap after
Heap after GC invocations=5 (full 0):
 PSYoungGen      total 33280K, used 2544K [0x00000000ebe00000, 0x00000000ee600000, 0x0000000100000000)
  eden space 30720K, 0% used [0x00000000ebe00000,0x00000000ebe00000,0x00000000edc00000)
  from space 2560K, 99% used [0x00000000edd00000,0x00000000edf7c010,0x00000000edf80000)
  to   space 5120K, 0% used [0x00000000ee100000,0x00000000ee100000,0x00000000ee600000)
 ParOldGen       total 40960K, used 3724K [0x00000000c3a00000, 0x00000000c6200000, 0x00000000ebe00000)
  object space 40960K, 9% used [0x00000000c3a00000,0x00000000c3da33f0,0x00000000c6200000)
 PSPermGen       total 21504K, used 13435K [0x00000000b9400000, 0x00000000ba900000, 0x00000000c3a00000)
  object space 21504K, 62% used [0x00000000b9400000,0x00000000ba11ed20,0x00000000ba900000)
}
Event: 11,156 GC heap before
{Heap before GC invocations=6 (full 0):
 PSYoungGen      total 33280K, used 33264K [0x00000000ebe00000, 0x00000000ee600000, 0x0000000100000000)
  eden space 30720K, 100% used [0x00000000ebe00000,0x00000000edc00000,0x00000000edc00000)
  from space 2560K, 99% used [0x00000000edd00000,0x00000000edf7c010,0x00000000edf80000)
  to   space 5120K, 0% used [0x00000000ee100000,0x00000000ee100000,0x00000000ee600000)
 ParOldGen       total 40960K, used 3724K [0x00000000c3a00000, 0x00000000c6200000, 0x00000000ebe00000)
  object space 40960K, 9% used [0x00000000c3a00000,0x00000000c3da33f0,0x00000000c6200000)
 PSPermGen       total 21504K, used 13488K [0x00000000b9400000, 0x00000000ba900000, 0x00000000c3a00000)
  object space 21504K, 62% used [0x00000000b9400000,0x00000000ba12c048,0x00000000ba900000)
Event: 11,184 GC heap after
Heap after GC invocations=6 (full 0):
 PSYoungGen      total 35328K, used 4249K [0x00000000ebe00000, 0x00000000f0500000, 0x0000000100000000)
  eden space 30208K, 0% used [0x00000000ebe00000,0x00000000ebe00000,0x00000000edb80000)
  from space 5120K, 82% used [0x00000000ee100000,0x00000000ee526550,0x00000000ee600000)
  to   space 5632K, 0% used [0x00000000edb80000,0x00000000edb80000,0x00000000ee100000)
 ParOldGen       total 40960K, used 3732K [0x00000000c3a00000, 0x00000000c6200000, 0x00000000ebe00000)
  object space 40960K, 9% used [0x00000000c3a00000,0x00000000c3da53f0,0x00000000c6200000)
 PSPermGen       total 21504K, used 13488K [0x00000000b9400000, 0x00000000ba900000, 0x00000000c3a00000)
  object space 21504K, 62% used [0x00000000b9400000,0x00000000ba12c048,0x00000000ba900000)
}

