# JRE version: OpenJDK Runtime Environment (7.0_55-b14) (build 1.7.0_55-b14)
# Java VM: OpenJDK 64-Bit Server VM (24.51-b03 mixed mode linux-amd64 compressed oops)
Heap
 PSYoungGen      total 209920K, used 73659K [0x00000000ebe00000, 0x0000000100000000, 0x0000000100000000)
  eden space 202752K, 33% used [0x00000000ebe00000,0x00000000effc2478,0x00000000f8400000)
  from space 7168K, 88% used [0x00000000f8400000,0x00000000f8a2c978,0x00000000f8b00000)
  to   space 7680K, 0% used [0x00000000ff880000,0x00000000ff880000,0x0000000100000000)
 ParOldGen       total 40960K, used 12127K [0x00000000c3a00000, 0x00000000c6200000, 0x00000000ebe00000)
  object space 40960K, 29% used [0x00000000c3a00000,0x00000000c45d7cc0,0x00000000c6200000)
 PSPermGen       total 30208K, used 30185K [0x00000000b9400000, 0x00000000bb180000, 0x00000000c3a00000)
  object space 30208K, 99% used [0x00000000b9400000,0x00000000bb17a490,0x00000000bb180000)
GC Heap History (10 events):
Event: 42,534 GC heap before
{Heap before GC invocations=7 (full 0):
 PSYoungGen      total 69120K, used 67905K [0x00000000ebe00000, 0x00000000f0700000, 0x0000000100000000)
  eden space 63488K, 100% used [0x00000000ebe00000,0x00000000efc00000,0x00000000efc00000)
  from space 5632K, 78% used [0x00000000f0180000,0x00000000f05d0690,0x00000000f0700000)
  to   space 5632K, 0% used [0x00000000efc00000,0x00000000efc00000,0x00000000f0180000)
 ParOldGen       total 40960K, used 3735K [0x00000000c3a00000, 0x00000000c6200000, 0x00000000ebe00000)
  object space 40960K, 9% used [0x00000000c3a00000,0x00000000c3da5ec0,0x00000000c6200000)
 PSPermGen       total 21504K, used 16666K [0x00000000b9400000, 0x00000000ba900000, 0x00000000c3a00000)
  object space 21504K, 77% used [0x00000000b9400000,0x00000000ba446b28,0x00000000ba900000)
Event: 42,591 GC heap after
Heap after GC invocations=7 (full 0):
 PSYoungGen      total 69120K, used 5531K [0x00000000ebe00000, 0x00000000f4700000, 0x0000000100000000)
  eden space 63488K, 0% used [0x00000000ebe00000,0x00000000ebe00000,0x00000000efc00000)
  from space 5632K, 98% used [0x00000000efc00000,0x00000000f0166c28,0x00000000f0180000)
  to   space 6656K, 0% used [0x00000000f4080000,0x00000000f4080000,0x00000000f4700000)
 ParOldGen       total 40960K, used 4723K [0x00000000c3a00000, 0x00000000c6200000, 0x00000000ebe00000)
  object space 40960K, 11% used [0x00000000c3a00000,0x00000000c3e9cd68,0x00000000c6200000)
 PSPermGen       total 21504K, used 16666K [0x00000000b9400000, 0x00000000ba900000, 0x00000000c3a00000)
  object space 21504K, 77% used [0x00000000b9400000,0x00000000ba446b28,0x00000000ba900000)
}
Event: 50,095 GC heap before
{Heap before GC invocations=8 (full 0):
 PSYoungGen      total 69120K, used 69019K [0x00000000ebe00000, 0x00000000f4700000, 0x0000000100000000)
  eden space 63488K, 100% used [0x00000000ebe00000,0x00000000efc00000,0x00000000efc00000)
  from space 5632K, 98% used [0x00000000efc00000,0x00000000f0166c28,0x00000000f0180000)
  to   space 6656K, 0% used [0x00000000f4080000,0x00000000f4080000,0x00000000f4700000)
 ParOldGen       total 40960K, used 4723K [0x00000000c3a00000, 0x00000000c6200000, 0x00000000ebe00000)
  object space 40960K, 11% used [0x00000000c3a00000,0x00000000c3e9cd68,0x00000000c6200000)
 PSPermGen       total 22016K, used 21941K [0x00000000b9400000, 0x00000000ba980000, 0x00000000c3a00000)
  object space 22016K, 99% used [0x00000000b9400000,0x00000000ba96d7a0,0x00000000ba980000)
Event: 50,159 GC heap after
Heap after GC invocations=8 (full 0):
 PSYoungGen      total 133120K, used 6117K [0x00000000ebe00000, 0x00000000f4800000, 0x0000000100000000)
  eden space 126464K, 0% used [0x00000000ebe00000,0x00000000ebe00000,0x00000000f3980000)
  from space 6656K, 91% used [0x00000000f4080000,0x00000000f46795e8,0x00000000f4700000)
  to   space 7168K, 0% used [0x00000000f3980000,0x00000000f3980000,0x00000000f4080000)
 ParOldGen       total 40960K, used 5307K [0x00000000c3a00000, 0x00000000c6200000, 0x00000000ebe00000)
  object space 40960K, 12% used [0x00000000c3a00000,0x00000000c3f2ed78,0x00000000c6200000)
 PSPermGen       total 22016K, used 21941K [0x00000000b9400000, 0x00000000ba980000, 0x00000000c3a00000)
  object space 22016K, 99% used [0x00000000b9400000,0x00000000ba96d7a0,0x00000000ba980000)
}
Event: 54,362 GC heap before
{Heap before GC invocations=9 (full 0):
 PSYoungGen      total 133120K, used 132581K [0x00000000ebe00000, 0x00000000f4800000, 0x0000000100000000)
  eden space 126464K, 100% used [0x00000000ebe00000,0x00000000f3980000,0x00000000f3980000)
  from space 6656K, 91% used [0x00000000f4080000,0x00000000f46795e8,0x00000000f4700000)
  to   space 7168K, 0% used [0x00000000f3980000,0x00000000f3980000,0x00000000f4080000)
 ParOldGen       total 40960K, used 5307K [0x00000000c3a00000, 0x00000000c6200000, 0x00000000ebe00000)
  object space 40960K, 12% used [0x00000000c3a00000,0x00000000c3f2ed78,0x00000000c6200000)
 PSPermGen       total 23040K, used 22767K [0x00000000b9400000, 0x00000000baa80000, 0x00000000c3a00000)
  object space 23040K, 98% used [0x00000000b9400000,0x00000000baa3bea8,0x00000000baa80000)
Event: 54,403 GC heap after
Heap after GC invocations=9 (full 0):
 PSYoungGen      total 133632K, used 4869K [0x00000000ebe00000, 0x00000000f9200000, 0x0000000100000000)
  eden space 126464K, 0% used [0x00000000ebe00000,0x00000000ebe00000,0x00000000f3980000)
  from space 7168K, 67% used [0x00000000f3980000,0x00000000f3e414a8,0x00000000f4080000)
  to   space 7168K, 0% used [0x00000000f8b00000,0x00000000f8b00000,0x00000000f9200000)
 ParOldGen       total 40960K, used 6410K [0x00000000c3a00000, 0x00000000c6200000, 0x00000000ebe00000)
  object space 40960K, 15% used [0x00000000c3a00000,0x00000000c4042940,0x00000000c6200000)
 PSPermGen       total 23040K, used 22767K [0x00000000b9400000, 0x00000000baa80000, 0x00000000c3a00000)
  object space 23040K, 98% used [0x00000000b9400000,0x00000000baa3bea8,0x00000000baa80000)
}
Event: 57,279 GC heap before
{Heap before GC invocations=10 (full 0):
 PSYoungGen      total 133632K, used 131333K [0x00000000ebe00000, 0x00000000f9200000, 0x0000000100000000)
  eden space 126464K, 100% used [0x00000000ebe00000,0x00000000f3980000,0x00000000f3980000)
  from space 7168K, 67% used [0x00000000f3980000,0x00000000f3e414a8,0x00000000f4080000)
  to   space 7168K, 0% used [0x00000000f8b00000,0x00000000f8b00000,0x00000000f9200000)
 ParOldGen       total 40960K, used 6410K [0x00000000c3a00000, 0x00000000c6200000, 0x00000000ebe00000)
  object space 40960K, 15% used [0x00000000c3a00000,0x00000000c4042940,0x00000000c6200000)
 PSPermGen       total 23552K, used 23111K [0x00000000b9400000, 0x00000000bab00000, 0x00000000c3a00000)
  object space 23552K, 98% used [0x00000000b9400000,0x00000000baa91dd8,0x00000000bab00000)
Event: 57,343 GC heap after
Heap after GC invocations=10 (full 0):
 PSYoungGen      total 209920K, used 4200K [0x00000000ebe00000, 0x00000000f9200000, 0x0000000100000000)
  eden space 202752K, 0% used [0x00000000ebe00000,0x00000000ebe00000,0x00000000f8400000)
  from space 7168K, 58% used [0x00000000f8b00000,0x00000000f8f1a120,0x00000000f9200000)
  to   space 7168K, 0% used [0x00000000f8400000,0x00000000f8400000,0x00000000f8b00000)
 ParOldGen       total 40960K, used 8379K [0x00000000c3a00000, 0x00000000c6200000, 0x00000000ebe00000)
  object space 40960K, 20% used [0x00000000c3a00000,0x00000000c422ecc8,0x00000000c6200000)
 PSPermGen       total 23552K, used 23111K [0x00000000b9400000, 0x00000000bab00000, 0x00000000c3a00000)
  object space 23552K, 98% used [0x00000000b9400000,0x00000000baa91dd8,0x00000000bab00000)
}
Event: 68,749 GC heap before
{Heap before GC invocations=11 (full 0):
 PSYoungGen      total 209920K, used 206952K [0x00000000ebe00000, 0x00000000f9200000, 0x0000000100000000)
  eden space 202752K, 100% used [0x00000000ebe00000,0x00000000f8400000,0x00000000f8400000)
  from space 7168K, 58% used [0x00000000f8b00000,0x00000000f8f1a120,0x00000000f9200000)
  to   space 7168K, 0% used [0x00000000f8400000,0x00000000f8400000,0x00000000f8b00000)
 ParOldGen       total 40960K, used 8379K [0x00000000c3a00000, 0x00000000c6200000, 0x00000000ebe00000)
  object space 40960K, 20% used [0x00000000c3a00000,0x00000000c422ecc8,0x00000000c6200000)
 PSPermGen       total 27648K, used 27434K [0x00000000b9400000, 0x00000000baf00000, 0x00000000c3a00000)
  object space 27648K, 99% used [0x00000000b9400000,0x00000000baeca8c8,0x00000000baf00000)
Event: 68,843 GC heap after
Heap after GC invocations=11 (full 0):
 PSYoungGen      total 209920K, used 6322K [0x00000000ebe00000, 0x0000000100000000, 0x0000000100000000)
  eden space 202752K, 0% used [0x00000000ebe00000,0x00000000ebe00000,0x00000000f8400000)
  from space 7168K, 88% used [0x00000000f8400000,0x00000000f8a2c978,0x00000000f8b00000)
  to   space 7680K, 0% used [0x00000000ff880000,0x00000000ff880000,0x0000000100000000)
 ParOldGen       total 40960K, used 12127K [0x00000000c3a00000, 0x00000000c6200000, 0x00000000ebe00000)
  object space 40960K, 29% used [0x00000000c3a00000,0x00000000c45d7cc0,0x00000000c6200000)
 PSPermGen       total 27648K, used 27434K [0x00000000b9400000, 0x00000000baf00000, 0x00000000c3a00000)
  object space 27648K, 99% used [0x00000000b9400000,0x00000000baeca8c8,0x00000000baf00000)
}

