# JRE version: Java(TM) SE Runtime Environment (7.0_45-b18) (build 1.7.0_45-b18)
# Java VM: Java HotSpot(TM) 64-Bit Server VM (24.45-b08 mixed mode linux-amd64 compressed oops)
Heap
 PSYoungGen      total 608768K, used 564490K [0x00000007d6800000, 0x00000007fee80000, 0x0000000800000000)
  eden space 598016K, 94% used [0x00000007d6800000,0x00000007f8f429f8,0x00000007fb000000)
  from space 10752K, 0% used [0x00000007fe400000,0x00000007fe400000,0x00000007fee80000)
  to   space 26624K, 0% used [0x00000007fba80000,0x00000007fba80000,0x00000007fd480000)
 ParOldGen       total 122880K, used 61173K [0x0000000783800000, 0x000000078b000000, 0x00000007d6800000)
  object space 122880K, 49% used [0x0000000783800000,0x00000007873bd708,0x000000078b000000)
 PSPermGen       total 83968K, used 63728K [0x000000077e600000, 0x0000000783800000, 0x0000000783800000)
  object space 83968K, 75% used [0x000000077e600000,0x000000078243c050,0x0000000783800000)
GC Heap History (10 events):
Event: 8,477 GC heap before
{Heap before GC invocations=11 (full 0):
 PSYoungGen      total 665600K, used 652400K [0x00000007d6800000, 0x0000000800000000, 0x0000000800000000)
  eden space 651264K, 100% used [0x00000007d6800000,0x00000007fe400000,0x00000007fe400000)
  from space 14336K, 7% used [0x00000007ff200000,0x00000007ff31c010,0x0000000800000000)
  to   space 14336K, 0% used [0x00000007fe400000,0x00000007fe400000,0x00000007ff200000)
 ParOldGen       total 84992K, used 23698K [0x0000000783800000, 0x0000000788b00000, 0x00000007d6800000)
  object space 84992K, 27% used [0x0000000783800000,0x0000000784f24b78,0x0000000788b00000)
 PSPermGen       total 26624K, used 26165K [0x000000077e600000, 0x0000000780000000, 0x0000000783800000)
  object space 26624K, 98% used [0x000000077e600000,0x000000077ff8d740,0x0000000780000000)
Event: 8,492 GC heap after
Heap after GC invocations=11 (full 0):
 PSYoungGen      total 664576K, used 13145K [0x00000007d6800000, 0x0000000800000000, 0x0000000800000000)
  eden space 651264K, 0% used [0x00000007d6800000,0x00000007d6800000,0x00000007fe400000)
  from space 13312K, 98% used [0x00000007fe400000,0x00000007ff0d6600,0x00000007ff100000)
  to   space 15360K, 0% used [0x00000007ff100000,0x00000007ff100000,0x0000000800000000)
 ParOldGen       total 84992K, used 24266K [0x0000000783800000, 0x0000000788b00000, 0x00000007d6800000)
  object space 84992K, 28% used [0x0000000783800000,0x0000000784fb2b88,0x0000000788b00000)
 PSPermGen       total 26624K, used 26165K [0x000000077e600000, 0x0000000780000000, 0x0000000783800000)
  object space 26624K, 98% used [0x000000077e600000,0x000000077ff8d740,0x0000000780000000)
}
Event: 12,665 GC heap before
{Heap before GC invocations=12 (full 0):
 PSYoungGen      total 664576K, used 664409K [0x00000007d6800000, 0x0000000800000000, 0x0000000800000000)
  eden space 651264K, 100% used [0x00000007d6800000,0x00000007fe400000,0x00000007fe400000)
  from space 13312K, 98% used [0x00000007fe400000,0x00000007ff0d6600,0x00000007ff100000)
  to   space 15360K, 0% used [0x00000007ff100000,0x00000007ff100000,0x0000000800000000)
 ParOldGen       total 84992K, used 24266K [0x0000000783800000, 0x0000000788b00000, 0x00000007d6800000)
  object space 84992K, 28% used [0x0000000783800000,0x0000000784fb2b88,0x0000000788b00000)
 PSPermGen       total 44544K, used 44481K [0x000000077e600000, 0x0000000781180000, 0x0000000783800000)
  object space 44544K, 99% used [0x000000077e600000,0x0000000781170438,0x0000000781180000)
Event: 12,696 GC heap after
Heap after GC invocations=12 (full 0):
 PSYoungGen      total 643072K, used 15332K [0x00000007d6800000, 0x0000000800000000, 0x0000000800000000)
  eden space 627712K, 0% used [0x00000007d6800000,0x00000007d6800000,0x00000007fcd00000)
  from space 15360K, 99% used [0x00000007ff100000,0x00000007ffff9370,0x0000000800000000)
  to   space 26112K, 0% used [0x00000007fcd00000,0x00000007fcd00000,0x00000007fe680000)
 ParOldGen       total 84992K, used 44827K [0x0000000783800000, 0x0000000788b00000, 0x00000007d6800000)
  object space 84992K, 52% used [0x0000000783800000,0x00000007863c6df0,0x0000000788b00000)
 PSPermGen       total 44544K, used 44481K [0x000000077e600000, 0x0000000781180000, 0x0000000783800000)
  object space 44544K, 99% used [0x000000077e600000,0x0000000781170438,0x0000000781180000)
}
Event: 16,571 GC heap before
{Heap before GC invocations=13 (full 0):
 PSYoungGen      total 643072K, used 643044K [0x00000007d6800000, 0x0000000800000000, 0x0000000800000000)
  eden space 627712K, 100% used [0x00000007d6800000,0x00000007fcd00000,0x00000007fcd00000)
  from space 15360K, 99% used [0x00000007ff100000,0x00000007ffff9370,0x0000000800000000)
  to   space 26112K, 0% used [0x00000007fcd00000,0x00000007fcd00000,0x00000007fe680000)
 ParOldGen       total 84992K, used 44827K [0x0000000783800000, 0x0000000788b00000, 0x00000007d6800000)
  object space 84992K, 52% used [0x0000000783800000,0x00000007863c6df0,0x0000000788b00000)
 PSPermGen       total 57344K, used 57186K [0x000000077e600000, 0x0000000781e00000, 0x0000000783800000)
  object space 57344K, 99% used [0x000000077e600000,0x0000000781dd8b68,0x0000000781e00000)
Event: 16,603 GC heap after
Heap after GC invocations=13 (full 0):
 PSYoungGen      total 647680K, used 19853K [0x00000007d6800000, 0x0000000800000000, 0x0000000800000000)
  eden space 627712K, 0% used [0x00000007d6800000,0x00000007d6800000,0x00000007fcd00000)
  from space 19968K, 99% used [0x00000007fcd00000,0x00000007fe0635b8,0x00000007fe080000)
  to   space 28672K, 0% used [0x00000007fe400000,0x00000007fe400000,0x0000000800000000)
 ParOldGen       total 84992K, used 58445K [0x0000000783800000, 0x0000000788b00000, 0x00000007d6800000)
  object space 84992K, 68% used [0x0000000783800000,0x00000007871137e0,0x0000000788b00000)
 PSPermGen       total 57344K, used 57186K [0x000000077e600000, 0x0000000781e00000, 0x0000000783800000)
  object space 57344K, 99% used [0x000000077e600000,0x0000000781dd8b68,0x0000000781e00000)
}
Event: 61,109 GC heap before
{Heap before GC invocations=14 (full 0):
 PSYoungGen      total 647680K, used 647565K [0x00000007d6800000, 0x0000000800000000, 0x0000000800000000)
  eden space 627712K, 100% used [0x00000007d6800000,0x00000007fcd00000,0x00000007fcd00000)
  from space 19968K, 99% used [0x00000007fcd00000,0x00000007fe0635b8,0x00000007fe080000)
  to   space 28672K, 0% used [0x00000007fe400000,0x00000007fe400000,0x0000000800000000)
 ParOldGen       total 84992K, used 58445K [0x0000000783800000, 0x0000000788b00000, 0x00000007d6800000)
  object space 84992K, 68% used [0x0000000783800000,0x00000007871137e0,0x0000000788b00000)
 PSPermGen       total 62464K, used 62388K [0x000000077e600000, 0x0000000782300000, 0x0000000783800000)
  object space 62464K, 99% used [0x000000077e600000,0x00000007822ed2c8,0x0000000782300000)
Event: 61,129 GC heap after
Heap after GC invocations=14 (full 0):
 PSYoungGen      total 608768K, used 10384K [0x00000007d6800000, 0x00000007fee80000, 0x0000000800000000)
  eden space 598016K, 0% used [0x00000007d6800000,0x00000007d6800000,0x00000007fb000000)
  from space 10752K, 96% used [0x00000007fe400000,0x00000007fee242f0,0x00000007fee80000)
  to   space 26624K, 0% used [0x00000007fba80000,0x00000007fba80000,0x00000007fd480000)
 ParOldGen       total 84992K, used 71482K [0x0000000783800000, 0x0000000788b00000, 0x00000007d6800000)
  object space 84992K, 84% used [0x0000000783800000,0x0000000787dcea40,0x0000000788b00000)
 PSPermGen       total 62464K, used 62388K [0x000000077e600000, 0x0000000782300000, 0x0000000783800000)
  object space 62464K, 99% used [0x000000077e600000,0x00000007822ed2c8,0x0000000782300000)
}
Event: 61,129 GC heap before
{Heap before GC invocations=15 (full 1):
 PSYoungGen      total 608768K, used 10384K [0x00000007d6800000, 0x00000007fee80000, 0x0000000800000000)
  eden space 598016K, 0% used [0x00000007d6800000,0x00000007d6800000,0x00000007fb000000)
  from space 10752K, 96% used [0x00000007fe400000,0x00000007fee242f0,0x00000007fee80000)
  to   space 26624K, 0% used [0x00000007fba80000,0x00000007fba80000,0x00000007fd480000)
 ParOldGen       total 84992K, used 71482K [0x0000000783800000, 0x0000000788b00000, 0x00000007d6800000)
  object space 84992K, 84% used [0x0000000783800000,0x0000000787dcea40,0x0000000788b00000)
 PSPermGen       total 62464K, used 62388K [0x000000077e600000, 0x0000000782300000, 0x0000000783800000)
  object space 62464K, 99% used [0x000000077e600000,0x00000007822ed2c8,0x0000000782300000)
Event: 61,413 GC heap after
Heap after GC invocations=15 (full 1):
 PSYoungGen      total 608768K, used 0K [0x00000007d6800000, 0x00000007fee80000, 0x0000000800000000)
  eden space 598016K, 0% used [0x00000007d6800000,0x00000007d6800000,0x00000007fb000000)
  from space 10752K, 0% used [0x00000007fe400000,0x00000007fe400000,0x00000007fee80000)
  to   space 26624K, 0% used [0x00000007fba80000,0x00000007fba80000,0x00000007fd480000)
 ParOldGen       total 122880K, used 61173K [0x0000000783800000, 0x000000078b000000, 0x00000007d6800000)
  object space 122880K, 49% used [0x0000000783800000,0x00000007873bd708,0x000000078b000000)
 PSPermGen       total 83968K, used 62366K [0x000000077e600000, 0x0000000783800000, 0x0000000783800000)
  object space 83968K, 74% used [0x000000077e600000,0x00000007822e7a70,0x0000000783800000)
}

