# JRE version: Java(TM) SE Runtime Environment (7.0_45-b18) (build 1.7.0_45-b18)
# Java VM: Java HotSpot(TM) 64-Bit Server VM (24.45-b08 mixed mode linux-amd64 compressed oops)
Heap
 PSYoungGen      total 532992K, used 245603K [0x00000007d6800000, 0x00000007f8a00000, 0x0000000800000000)
  eden space 509952K, 44% used [0x00000007d6800000,0x00000007e4644da8,0x00000007f5a00000)
  from space 23040K, 78% used [0x00000007f7180000,0x00000007f8313ee0,0x00000007f8800000)
  to   space 24064K, 0% used [0x00000007f5a00000,0x00000007f5a00000,0x00000007f7180000)
 ParOldGen       total 84992K, used 24423K [0x0000000783800000, 0x0000000788b00000, 0x00000007d6800000)
  object space 84992K, 28% used [0x0000000783800000,0x0000000784fd9c10,0x0000000788b00000)
 PSPermGen       total 48640K, used 48214K [0x000000077e600000, 0x0000000781580000, 0x0000000783800000)
  object space 48640K, 99% used [0x000000077e600000,0x0000000781515930,0x0000000781580000)
GC Heap History (10 events):
Event: 2,379 GC heap before
{Heap before GC invocations=4 (full 0):
 PSYoungGen      total 69632K, used 69616K [0x00000007d6800000, 0x00000007df000000, 0x0000000800000000)
  eden space 64512K, 100% used [0x00000007d6800000,0x00000007da700000,0x00000007da700000)
  from space 5120K, 99% used [0x00000007da700000,0x00000007dabfc010,0x00000007dac00000)
  to   space 5120K, 0% used [0x00000007deb00000,0x00000007deb00000,0x00000007df000000)
 ParOldGen       total 84992K, used 7633K [0x0000000783800000, 0x0000000788b00000, 0x00000007d6800000)
  object space 84992K, 8% used [0x0000000783800000,0x0000000783f746b0,0x0000000788b00000)
 PSPermGen       total 21504K, used 13493K [0x000000077e600000, 0x000000077fb00000, 0x0000000783800000)
  object space 21504K, 62% used [0x000000077e600000,0x000000077f32d400,0x000000077fb00000)
Event: 2,401 GC heap after
Heap after GC invocations=4 (full 0):
 PSYoungGen      total 134144K, used 5104K [0x00000007d6800000, 0x00000007df000000, 0x0000000800000000)
  eden space 129024K, 0% used [0x00000007d6800000,0x00000007d6800000,0x00000007de600000)
  from space 5120K, 99% used [0x00000007deb00000,0x00000007deffc010,0x00000007df000000)
  to   space 5120K, 0% used [0x00000007de600000,0x00000007de600000,0x00000007deb00000)
 ParOldGen       total 84992K, used 10757K [0x0000000783800000, 0x0000000788b00000, 0x00000007d6800000)
  object space 84992K, 12% used [0x0000000783800000,0x0000000784281710,0x0000000788b00000)
 PSPermGen       total 21504K, used 13493K [0x000000077e600000, 0x000000077fb00000, 0x0000000783800000)
  object space 21504K, 62% used [0x000000077e600000,0x000000077f32d400,0x000000077fb00000)
}
Event: 4,872 GC heap before
{Heap before GC invocations=5 (full 0):
 PSYoungGen      total 134144K, used 134128K [0x00000007d6800000, 0x00000007df000000, 0x0000000800000000)
  eden space 129024K, 100% used [0x00000007d6800000,0x00000007de600000,0x00000007de600000)
  from space 5120K, 99% used [0x00000007deb00000,0x00000007deffc010,0x00000007df000000)
  to   space 5120K, 0% used [0x00000007de600000,0x00000007de600000,0x00000007deb00000)
 ParOldGen       total 84992K, used 10757K [0x0000000783800000, 0x0000000788b00000, 0x00000007d6800000)
  object space 84992K, 12% used [0x0000000783800000,0x0000000784281710,0x0000000788b00000)
 PSPermGen       total 21504K, used 19466K [0x000000077e600000, 0x000000077fb00000, 0x0000000783800000)
  object space 21504K, 90% used [0x000000077e600000,0x000000077f902af8,0x000000077fb00000)
Event: 4,886 GC heap after
Heap after GC invocations=5 (full 0):
 PSYoungGen      total 134144K, used 5094K [0x00000007d6800000, 0x00000007e8300000, 0x0000000800000000)
  eden space 129024K, 0% used [0x00000007d6800000,0x00000007d6800000,0x00000007de600000)
  from space 5120K, 99% used [0x00000007de600000,0x00000007deaf9a00,0x00000007deb00000)
  to   space 15872K, 0% used [0x00000007e7380000,0x00000007e7380000,0x00000007e8300000)
 ParOldGen       total 84992K, used 20616K [0x0000000783800000, 0x0000000788b00000, 0x00000007d6800000)
  object space 84992K, 24% used [0x0000000783800000,0x0000000784c22000,0x0000000788b00000)
 PSPermGen       total 21504K, used 19466K [0x000000077e600000, 0x000000077fb00000, 0x0000000783800000)
  object space 21504K, 90% used [0x000000077e600000,0x000000077f902af8,0x000000077fb00000)
}
Event: 5,915 GC heap before
{Heap before GC invocations=6 (full 0):
 PSYoungGen      total 134144K, used 134118K [0x00000007d6800000, 0x00000007e8300000, 0x0000000800000000)
  eden space 129024K, 100% used [0x00000007d6800000,0x00000007de600000,0x00000007de600000)
  from space 5120K, 99% used [0x00000007de600000,0x00000007deaf9a00,0x00000007deb00000)
  to   space 15872K, 0% used [0x00000007e7380000,0x00000007e7380000,0x00000007e8300000)
 ParOldGen       total 84992K, used 20616K [0x0000000783800000, 0x0000000788b00000, 0x00000007d6800000)
  object space 84992K, 24% used [0x0000000783800000,0x0000000784c22000,0x0000000788b00000)
 PSPermGen       total 28160K, used 27693K [0x000000077e600000, 0x0000000780180000, 0x0000000783800000)
  object space 28160K, 98% used [0x000000077e600000,0x000000078010b438,0x0000000780180000)
Event: 5,933 GC heap after
Heap after GC invocations=6 (full 0):
 PSYoungGen      total 271360K, used 15851K [0x00000007d6800000, 0x00000007e8800000, 0x0000000800000000)
  eden space 255488K, 0% used [0x00000007d6800000,0x00000007d6800000,0x00000007e6180000)
  from space 15872K, 99% used [0x00000007e7380000,0x00000007e82fafd0,0x00000007e8300000)
  to   space 18432K, 0% used [0x00000007e6180000,0x00000007e6180000,0x00000007e7380000)
 ParOldGen       total 84992K, used 21026K [0x0000000783800000, 0x0000000788b00000, 0x00000007d6800000)
  object space 84992K, 24% used [0x0000000783800000,0x0000000784c88988,0x0000000788b00000)
 PSPermGen       total 28160K, used 27693K [0x000000077e600000, 0x0000000780180000, 0x0000000783800000)
  object space 28160K, 98% used [0x000000077e600000,0x000000078010b438,0x0000000780180000)
}
Event: 7,455 GC heap before
{Heap before GC invocations=7 (full 0):
 PSYoungGen      total 271360K, used 271339K [0x00000007d6800000, 0x00000007e8800000, 0x0000000800000000)
  eden space 255488K, 100% used [0x00000007d6800000,0x00000007e6180000,0x00000007e6180000)
  from space 15872K, 99% used [0x00000007e7380000,0x00000007e82fafd0,0x00000007e8300000)
  to   space 18432K, 0% used [0x00000007e6180000,0x00000007e6180000,0x00000007e7380000)
 ParOldGen       total 84992K, used 21026K [0x0000000783800000, 0x0000000788b00000, 0x00000007d6800000)
  object space 84992K, 24% used [0x0000000783800000,0x0000000784c88988,0x0000000788b00000)
 PSPermGen       total 35840K, used 35772K [0x000000077e600000, 0x0000000780900000, 0x0000000783800000)
  object space 35840K, 99% used [0x000000077e600000,0x00000007808ef340,0x0000000780900000)
Event: 7,476 GC heap after
Heap after GC invocations=7 (full 0):
 PSYoungGen      total 273920K, used 18427K [0x00000007d6800000, 0x00000007f8800000, 0x0000000800000000)
  eden space 255488K, 0% used [0x00000007d6800000,0x00000007d6800000,0x00000007e6180000)
  from space 18432K, 99% used [0x00000007e6180000,0x00000007e737ef68,0x00000007e7380000)
  to   space 23040K, 0% used [0x00000007f7180000,0x00000007f7180000,0x00000007f8800000)
 ParOldGen       total 84992K, used 23455K [0x0000000783800000, 0x0000000788b00000, 0x00000007d6800000)
  object space 84992K, 27% used [0x0000000783800000,0x0000000784ee7c10,0x0000000788b00000)
 PSPermGen       total 35840K, used 35772K [0x000000077e600000, 0x0000000780900000, 0x0000000783800000)
  object space 35840K, 99% used [0x000000077e600000,0x00000007808ef340,0x0000000780900000)
}
Event: 9,137 GC heap before
{Heap before GC invocations=8 (full 0):
 PSYoungGen      total 273920K, used 273915K [0x00000007d6800000, 0x00000007f8800000, 0x0000000800000000)
  eden space 255488K, 100% used [0x00000007d6800000,0x00000007e6180000,0x00000007e6180000)
  from space 18432K, 99% used [0x00000007e6180000,0x00000007e737ef68,0x00000007e7380000)
  to   space 23040K, 0% used [0x00000007f7180000,0x00000007f7180000,0x00000007f8800000)
 ParOldGen       total 84992K, used 23455K [0x0000000783800000, 0x0000000788b00000, 0x00000007d6800000)
  object space 84992K, 27% used [0x0000000783800000,0x0000000784ee7c10,0x0000000788b00000)
 PSPermGen       total 39424K, used 39192K [0x000000077e600000, 0x0000000780c80000, 0x0000000783800000)
  object space 39424K, 99% used [0x000000077e600000,0x0000000780c460b8,0x0000000780c80000)
Event: 9,160 GC heap after
Heap after GC invocations=8 (full 0):
 PSYoungGen      total 532992K, used 17999K [0x00000007d6800000, 0x00000007f8a00000, 0x0000000800000000)
  eden space 509952K, 0% used [0x00000007d6800000,0x00000007d6800000,0x00000007f5a00000)
  from space 23040K, 78% used [0x00000007f7180000,0x00000007f8313ee0,0x00000007f8800000)
  to   space 24064K, 0% used [0x00000007f5a00000,0x00000007f5a00000,0x00000007f7180000)
 ParOldGen       total 84992K, used 24423K [0x0000000783800000, 0x0000000788b00000, 0x00000007d6800000)
  object space 84992K, 28% used [0x0000000783800000,0x0000000784fd9c10,0x0000000788b00000)
 PSPermGen       total 39424K, used 39192K [0x000000077e600000, 0x0000000780c80000, 0x0000000783800000)
  object space 39424K, 99% used [0x000000077e600000,0x0000000780c460b8,0x0000000780c80000)
}

