# JRE version: Java(TM) SE Runtime Environment (7.0_45-b18) (build 1.7.0_45-b18)
# Java VM: Java HotSpot(TM) 64-Bit Server VM (24.45-b08 mixed mode linux-amd64 compressed oops)
Heap
 PSYoungGen      total 500736K, used 489468K [0x00000007d6800000, 0x00000007fb180000, 0x0000000800000000)
  eden space 499200K, 97% used [0x00000007d6800000,0x00000007f44f0670,0x00000007f4f80000)
  from space 1536K, 70% used [0x00000007fb000000,0x00000007fb10eaf8,0x00000007fb180000)
  to   space 28160K, 0% used [0x00000007f7a80000,0x00000007f7a80000,0x00000007f9600000)
 ParOldGen       total 112128K, used 56827K [0x0000000783800000, 0x000000078a580000, 0x00000007d6800000)
  object space 112128K, 50% used [0x0000000783800000,0x0000000786f7edb0,0x000000078a580000)
 PSPermGen       total 83968K, used 64739K [0x000000077e600000, 0x0000000783800000, 0x0000000783800000)
  object space 83968K, 77% used [0x000000077e600000,0x0000000782538c88,0x0000000783800000)
GC Heap History (10 events):
Event: 119,619 GC heap before
{Heap before GC invocations=17 (full 1):
 PSYoungGen      total 612352K, used 8898K [0x00000007d6800000, 0x00000007ff200000, 0x0000000800000000)
  eden space 603136K, 0% used [0x00000007d6800000,0x00000007d6800000,0x00000007fb500000)
  from space 9216K, 96% used [0x00000007fe900000,0x00000007ff1b0988,0x00000007ff200000)
  to   space 31232K, 0% used [0x00000007fb500000,0x00000007fb500000,0x00000007fd380000)
 ParOldGen       total 84992K, used 72348K [0x0000000783800000, 0x0000000788b00000, 0x00000007d6800000)
  object space 84992K, 85% used [0x0000000783800000,0x0000000787ea70b0,0x0000000788b00000)
 PSPermGen       total 62976K, used 62554K [0x000000077e600000, 0x0000000782380000, 0x0000000783800000)
  object space 62976K, 99% used [0x000000077e600000,0x0000000782316838,0x0000000782380000)
Event: 119,884 GC heap after
Heap after GC invocations=17 (full 1):
 PSYoungGen      total 612352K, used 0K [0x00000007d6800000, 0x00000007ff200000, 0x0000000800000000)
  eden space 603136K, 0% used [0x00000007d6800000,0x00000007d6800000,0x00000007fb500000)
  from space 9216K, 0% used [0x00000007fe900000,0x00000007fe900000,0x00000007ff200000)
  to   space 31232K, 0% used [0x00000007fb500000,0x00000007fb500000,0x00000007fd380000)
 ParOldGen       total 112128K, used 54818K [0x0000000783800000, 0x000000078a580000, 0x00000007d6800000)
  object space 112128K, 48% used [0x0000000783800000,0x0000000786d88bb0,0x000000078a580000)
 PSPermGen       total 83968K, used 62530K [0x000000077e600000, 0x0000000783800000, 0x0000000783800000)
  object space 83968K, 74% used [0x000000077e600000,0x0000000782310b50,0x0000000783800000)
}
Event: 1867,153 GC heap before
{Heap before GC invocations=18 (full 1):
 PSYoungGen      total 612352K, used 603136K [0x00000007d6800000, 0x00000007ff200000, 0x0000000800000000)
  eden space 603136K, 100% used [0x00000007d6800000,0x00000007fb500000,0x00000007fb500000)
  from space 9216K, 0% used [0x00000007fe900000,0x00000007fe900000,0x00000007ff200000)
  to   space 31232K, 0% used [0x00000007fb500000,0x00000007fb500000,0x00000007fd380000)
 ParOldGen       total 112128K, used 54818K [0x0000000783800000, 0x000000078a580000, 0x00000007d6800000)
  object space 112128K, 48% used [0x0000000783800000,0x0000000786d88bb0,0x000000078a580000)
 PSPermGen       total 83968K, used 64228K [0x000000077e600000, 0x0000000783800000, 0x0000000783800000)
  object space 83968K, 76% used [0x000000077e600000,0x00000007824b9050,0x0000000783800000)
Event: 1867,163 GC heap after
Heap after GC invocations=18 (full 1):
 PSYoungGen      total 578048K, used 3045K [0x00000007d6800000, 0x00000007fe980000, 0x0000000800000000)
  eden space 574976K, 0% used [0x00000007d6800000,0x00000007d6800000,0x00000007f9980000)
  from space 3072K, 99% used [0x00000007fb500000,0x00000007fb7f9560,0x00000007fb800000)
  to   space 30208K, 0% used [0x00000007fcc00000,0x00000007fcc00000,0x00000007fe980000)
 ParOldGen       total 112128K, used 54826K [0x0000000783800000, 0x000000078a580000, 0x00000007d6800000)
  object space 112128K, 48% used [0x0000000783800000,0x0000000786d8abb0,0x000000078a580000)
 PSPermGen       total 83968K, used 64228K [0x000000077e600000, 0x0000000783800000, 0x0000000783800000)
  object space 83968K, 76% used [0x000000077e600000,0x00000007824b9050,0x0000000783800000)
}
Event: 6203,862 GC heap before
{Heap before GC invocations=19 (full 1):
 PSYoungGen      total 578048K, used 578021K [0x00000007d6800000, 0x00000007fe980000, 0x0000000800000000)
  eden space 574976K, 100% used [0x00000007d6800000,0x00000007f9980000,0x00000007f9980000)
  from space 3072K, 99% used [0x00000007fb500000,0x00000007fb7f9560,0x00000007fb800000)
  to   space 30208K, 0% used [0x00000007fcc00000,0x00000007fcc00000,0x00000007fe980000)
 ParOldGen       total 112128K, used 54826K [0x0000000783800000, 0x000000078a580000, 0x00000007d6800000)
  object space 112128K, 48% used [0x0000000783800000,0x0000000786d8abb0,0x000000078a580000)
 PSPermGen       total 83968K, used 64373K [0x000000077e600000, 0x0000000783800000, 0x0000000783800000)
  object space 83968K, 76% used [0x000000077e600000,0x00000007824dd580,0x0000000783800000)
Event: 6203,873 GC heap after
Heap after GC invocations=19 (full 1):
 PSYoungGen      total 548864K, used 368K [0x00000007d6800000, 0x00000007fcc80000, 0x0000000800000000)
  eden space 548352K, 0% used [0x00000007d6800000,0x00000007d6800000,0x00000007f7f80000)
  from space 512K, 71% used [0x00000007fcc00000,0x00000007fcc5c010,0x00000007fcc80000)
  to   space 29696K, 0% used [0x00000007f9280000,0x00000007f9280000,0x00000007faf80000)
 ParOldGen       total 112128K, used 56635K [0x0000000783800000, 0x000000078a580000, 0x00000007d6800000)
  object space 112128K, 50% used [0x0000000783800000,0x0000000786f4ed10,0x000000078a580000)
 PSPermGen       total 83968K, used 64373K [0x000000077e600000, 0x0000000783800000, 0x0000000783800000)
  object space 83968K, 76% used [0x000000077e600000,0x00000007824dd580,0x0000000783800000)
}
Event: 10915,612 GC heap before
{Heap before GC invocations=20 (full 1):
 PSYoungGen      total 548864K, used 548720K [0x00000007d6800000, 0x00000007fcc80000, 0x0000000800000000)
  eden space 548352K, 100% used [0x00000007d6800000,0x00000007f7f80000,0x00000007f7f80000)
  from space 512K, 71% used [0x00000007fcc00000,0x00000007fcc5c010,0x00000007fcc80000)
  to   space 29696K, 0% used [0x00000007f9280000,0x00000007f9280000,0x00000007faf80000)
 ParOldGen       total 112128K, used 56635K [0x0000000783800000, 0x000000078a580000, 0x00000007d6800000)
  object space 112128K, 50% used [0x0000000783800000,0x0000000786f4ed10,0x000000078a580000)
 PSPermGen       total 83968K, used 64460K [0x000000077e600000, 0x0000000783800000, 0x0000000783800000)
  object space 83968K, 76% used [0x000000077e600000,0x00000007824f30c0,0x0000000783800000)
Event: 10915,617 GC heap after
Heap after GC invocations=20 (full 1):
 PSYoungGen      total 552960K, used 304K [0x00000007d6800000, 0x00000007fcc80000, 0x0000000800000000)
  eden space 523264K, 0% used [0x00000007d6800000,0x00000007d6800000,0x00000007f6700000)
  from space 29696K, 1% used [0x00000007f9280000,0x00000007f92cc010,0x00000007faf80000)
  to   space 29184K, 0% used [0x00000007fb000000,0x00000007fb000000,0x00000007fcc80000)
 ParOldGen       total 112128K, used 56771K [0x0000000783800000, 0x000000078a580000, 0x00000007d6800000)
  object space 112128K, 50% used [0x0000000783800000,0x0000000786f70d90,0x000000078a580000)
 PSPermGen       total 83968K, used 64460K [0x000000077e600000, 0x0000000783800000, 0x0000000783800000)
  object space 83968K, 76% used [0x000000077e600000,0x00000007824f30c0,0x0000000783800000)
}
Event: 14562,981 GC heap before
{Heap before GC invocations=21 (full 1):
 PSYoungGen      total 552960K, used 523568K [0x00000007d6800000, 0x00000007fcc80000, 0x0000000800000000)
  eden space 523264K, 100% used [0x00000007d6800000,0x00000007f6700000,0x00000007f6700000)
  from space 29696K, 1% used [0x00000007f9280000,0x00000007f92cc010,0x00000007faf80000)
  to   space 29184K, 0% used [0x00000007fb000000,0x00000007fb000000,0x00000007fcc80000)
 ParOldGen       total 112128K, used 56771K [0x0000000783800000, 0x000000078a580000, 0x00000007d6800000)
  object space 112128K, 50% used [0x0000000783800000,0x0000000786f70d90,0x000000078a580000)
 PSPermGen       total 83968K, used 64711K [0x000000077e600000, 0x0000000783800000, 0x0000000783800000)
  object space 83968K, 77% used [0x000000077e600000,0x0000000782531c78,0x0000000783800000)
Event: 14562,991 GC heap after
Heap after GC invocations=21 (full 1):
 PSYoungGen      total 500736K, used 1082K [0x00000007d6800000, 0x00000007fb180000, 0x0000000800000000)
  eden space 499200K, 0% used [0x00000007d6800000,0x00000007d6800000,0x00000007f4f80000)
  from space 1536K, 70% used [0x00000007fb000000,0x00000007fb10eaf8,0x00000007fb180000)
  to   space 28160K, 0% used [0x00000007f7a80000,0x00000007f7a80000,0x00000007f9600000)
 ParOldGen       total 112128K, used 56827K [0x0000000783800000, 0x000000078a580000, 0x00000007d6800000)
  object space 112128K, 50% used [0x0000000783800000,0x0000000786f7edb0,0x000000078a580000)
 PSPermGen       total 83968K, used 64711K [0x000000077e600000, 0x0000000783800000, 0x0000000783800000)
  object space 83968K, 77% used [0x000000077e600000,0x0000000782531c78,0x0000000783800000)
}

