# JRE version: Java(TM) SE Runtime Environment (7.0_45-b18) (build 1.7.0_45-b18)
# Java VM: Java HotSpot(TM) 64-Bit Server VM (24.45-b08 mixed mode linux-amd64 compressed oops)
Heap
 PSYoungGen      total 599552K, used 574903K [0x00000007d6800000, 0x00000007fe180000, 0x0000000800000000)
  eden space 588800K, 95% used [0x00000007d6800000,0x00000007f8ef4f28,0x00000007fa700000)
  from space 10752K, 99% used [0x00000007fc280000,0x00000007fccf8d90,0x00000007fcd00000)
  to   space 20992K, 0% used [0x00000007fcd00000,0x00000007fcd00000,0x00000007fe180000)
 ParOldGen       total 134144K, used 62114K [0x0000000783800000, 0x000000078bb00000, 0x00000007d6800000)
  object space 134144K, 46% used [0x0000000783800000,0x00000007874a8a08,0x000000078bb00000)
 PSPermGen       total 83968K, used 67716K [0x000000077e600000, 0x0000000783800000, 0x0000000783800000)
  object space 83968K, 80% used [0x000000077e600000,0x0000000782821098,0x0000000783800000)
GC Heap History (10 events):
Event: 12,652 GC heap before
{Heap before GC invocations=12 (full 0):
 PSYoungGen      total 665088K, used 650864K [0x00000007d6800000, 0x0000000800000000, 0x0000000800000000)
  eden space 650240K, 100% used [0x00000007d6800000,0x00000007fe300000,0x00000007fe300000)
  from space 14848K, 4% used [0x00000007fe300000,0x00000007fe39c030,0x00000007ff180000)
  to   space 14848K, 0% used [0x00000007ff180000,0x00000007ff180000,0x0000000800000000)
 ParOldGen       total 84992K, used 24415K [0x0000000783800000, 0x0000000788b00000, 0x00000007d6800000)
  object space 84992K, 28% used [0x0000000783800000,0x0000000784fd7cd8,0x0000000788b00000)
 PSPermGen       total 43520K, used 43073K [0x000000077e600000, 0x0000000781080000, 0x0000000783800000)
  object space 43520K, 98% used [0x000000077e600000,0x0000000781010538,0x0000000781080000)
Event: 12,683 GC heap after
Heap after GC invocations=12 (full 0):
 PSYoungGen      total 638464K, used 14833K [0x00000007d6800000, 0x0000000800000000, 0x0000000800000000)
  eden space 623616K, 0% used [0x00000007d6800000,0x00000007d6800000,0x00000007fc900000)
  from space 14848K, 99% used [0x00000007ff180000,0x00000007ffffc4b8,0x0000000800000000)
  to   space 28160K, 0% used [0x00000007fc900000,0x00000007fc900000,0x00000007fe480000)
 ParOldGen       total 84992K, used 53831K [0x0000000783800000, 0x0000000788b00000, 0x00000007d6800000)
  object space 84992K, 63% used [0x0000000783800000,0x0000000786c91ec0,0x0000000788b00000)
 PSPermGen       total 43520K, used 43073K [0x000000077e600000, 0x0000000781080000, 0x0000000783800000)
  object space 43520K, 98% used [0x000000077e600000,0x0000000781010538,0x0000000781080000)
}
Event: 16,716 GC heap before
{Heap before GC invocations=13 (full 0):
 PSYoungGen      total 638464K, used 638449K [0x00000007d6800000, 0x0000000800000000, 0x0000000800000000)
  eden space 623616K, 100% used [0x00000007d6800000,0x00000007fc900000,0x00000007fc900000)
  from space 14848K, 99% used [0x00000007ff180000,0x00000007ffffc4b8,0x0000000800000000)
  to   space 28160K, 0% used [0x00000007fc900000,0x00000007fc900000,0x00000007fe480000)
 ParOldGen       total 84992K, used 53831K [0x0000000783800000, 0x0000000788b00000, 0x00000007d6800000)
  object space 84992K, 63% used [0x0000000783800000,0x0000000786c91ec0,0x0000000788b00000)
 PSPermGen       total 58368K, used 58189K [0x000000077e600000, 0x0000000781f00000, 0x0000000783800000)
  object space 58368K, 99% used [0x000000077e600000,0x0000000781ed3448,0x0000000781f00000)
Event: 16,752 GC heap after
Heap after GC invocations=13 (full 0):
 PSYoungGen      total 648192K, used 24386K [0x00000007d6800000, 0x0000000800000000, 0x0000000800000000)
  eden space 623616K, 0% used [0x00000007d6800000,0x00000007d6800000,0x00000007fc900000)
  from space 24576K, 99% used [0x00000007fc900000,0x00000007fe0d0b28,0x00000007fe100000)
  to   space 31744K, 0% used [0x00000007fe100000,0x00000007fe100000,0x0000000800000000)
 ParOldGen       total 84992K, used 67812K [0x0000000783800000, 0x0000000788b00000, 0x00000007d6800000)
  object space 84992K, 79% used [0x0000000783800000,0x0000000787a39080,0x0000000788b00000)
 PSPermGen       total 58368K, used 58189K [0x000000077e600000, 0x0000000781f00000, 0x0000000783800000)
  object space 58368K, 99% used [0x000000077e600000,0x0000000781ed3448,0x0000000781f00000)
}
Event: 16,752 GC heap before
{Heap before GC invocations=14 (full 1):
 PSYoungGen      total 648192K, used 24386K [0x00000007d6800000, 0x0000000800000000, 0x0000000800000000)
  eden space 623616K, 0% used [0x00000007d6800000,0x00000007d6800000,0x00000007fc900000)
  from space 24576K, 99% used [0x00000007fc900000,0x00000007fe0d0b28,0x00000007fe100000)
  to   space 31744K, 0% used [0x00000007fe100000,0x00000007fe100000,0x0000000800000000)
 ParOldGen       total 84992K, used 67812K [0x0000000783800000, 0x0000000788b00000, 0x00000007d6800000)
  object space 84992K, 79% used [0x0000000783800000,0x0000000787a39080,0x0000000788b00000)
 PSPermGen       total 58368K, used 58189K [0x000000077e600000, 0x0000000781f00000, 0x0000000783800000)
  object space 58368K, 99% used [0x000000077e600000,0x0000000781ed3448,0x0000000781f00000)
Event: 17,057 GC heap after
Heap after GC invocations=14 (full 1):
 PSYoungGen      total 648192K, used 0K [0x00000007d6800000, 0x0000000800000000, 0x0000000800000000)
  eden space 623616K, 0% used [0x00000007d6800000,0x00000007d6800000,0x00000007fc900000)
  from space 24576K, 0% used [0x00000007fc900000,0x00000007fc900000,0x00000007fe100000)
  to   space 31744K, 0% used [0x00000007fe100000,0x00000007fe100000,0x0000000800000000)
 ParOldGen       total 134144K, used 62098K [0x0000000783800000, 0x000000078bb00000, 0x00000007d6800000)
  object space 134144K, 46% used [0x0000000783800000,0x00000007874a4a08,0x000000078bb00000)
 PSPermGen       total 83968K, used 58163K [0x000000077e600000, 0x0000000783800000, 0x0000000783800000)
  object space 83968K, 69% used [0x000000077e600000,0x0000000781eccd28,0x0000000783800000)
}
Event: 107,026 GC heap before
{Heap before GC invocations=15 (full 1):
 PSYoungGen      total 648192K, used 623616K [0x00000007d6800000, 0x0000000800000000, 0x0000000800000000)
  eden space 623616K, 100% used [0x00000007d6800000,0x00000007fc900000,0x00000007fc900000)
  from space 24576K, 0% used [0x00000007fc900000,0x00000007fc900000,0x00000007fe100000)
  to   space 31744K, 0% used [0x00000007fe100000,0x00000007fe100000,0x0000000800000000)
 ParOldGen       total 134144K, used 62098K [0x0000000783800000, 0x000000078bb00000, 0x00000007d6800000)
  object space 134144K, 46% used [0x0000000783800000,0x00000007874a4a08,0x000000078bb00000)
 PSPermGen       total 83968K, used 66087K [0x000000077e600000, 0x0000000783800000, 0x0000000783800000)
  object space 83968K, 78% used [0x000000077e600000,0x0000000782689c50,0x0000000783800000)
Event: 107,038 GC heap after
Heap after GC invocations=15 (full 1):
 PSYoungGen      total 648704K, used 14015K [0x00000007d6800000, 0x0000000800000000, 0x0000000800000000)
  eden space 616960K, 0% used [0x00000007d6800000,0x00000007d6800000,0x00000007fc280000)
  from space 31744K, 44% used [0x00000007fe100000,0x00000007feeaffd0,0x0000000800000000)
  to   space 31232K, 0% used [0x00000007fc280000,0x00000007fc280000,0x00000007fe100000)
 ParOldGen       total 134144K, used 62106K [0x0000000783800000, 0x000000078bb00000, 0x00000007d6800000)
  object space 134144K, 46% used [0x0000000783800000,0x00000007874a6a08,0x000000078bb00000)
 PSPermGen       total 83968K, used 66087K [0x000000077e600000, 0x0000000783800000, 0x0000000783800000)
  object space 83968K, 78% used [0x000000077e600000,0x0000000782689c50,0x0000000783800000)
}
Event: 1061,928 GC heap before
{Heap before GC invocations=16 (full 1):
 PSYoungGen      total 648704K, used 630975K [0x00000007d6800000, 0x0000000800000000, 0x0000000800000000)
  eden space 616960K, 100% used [0x00000007d6800000,0x00000007fc280000,0x00000007fc280000)
  from space 31744K, 44% used [0x00000007fe100000,0x00000007feeaffd0,0x0000000800000000)
  to   space 31232K, 0% used [0x00000007fc280000,0x00000007fc280000,0x00000007fe100000)
 ParOldGen       total 134144K, used 62106K [0x0000000783800000, 0x000000078bb00000, 0x00000007d6800000)
  object space 134144K, 46% used [0x0000000783800000,0x00000007874a6a08,0x000000078bb00000)
 PSPermGen       total 83968K, used 67347K [0x000000077e600000, 0x0000000783800000, 0x0000000783800000)
  object space 83968K, 80% used [0x000000077e600000,0x00000007827c4cb8,0x0000000783800000)
Event: 1061,951 GC heap after
Heap after GC invocations=16 (full 1):
 PSYoungGen      total 599552K, used 10723K [0x00000007d6800000, 0x00000007fe180000, 0x0000000800000000)
  eden space 588800K, 0% used [0x00000007d6800000,0x00000007d6800000,0x00000007fa700000)
  from space 10752K, 99% used [0x00000007fc280000,0x00000007fccf8d90,0x00000007fcd00000)
  to   space 20992K, 0% used [0x00000007fcd00000,0x00000007fcd00000,0x00000007fe180000)
 ParOldGen       total 134144K, used 62114K [0x0000000783800000, 0x000000078bb00000, 0x00000007d6800000)
  object space 134144K, 46% used [0x0000000783800000,0x00000007874a8a08,0x000000078bb00000)
 PSPermGen       total 83968K, used 67347K [0x000000077e600000, 0x0000000783800000, 0x0000000783800000)
  object space 83968K, 80% used [0x000000077e600000,0x00000007827c4cb8,0x0000000783800000)
}

